#
# There is insufficient memory for the Java Runtime Environment to continue.
# Native memory allocation (mmap) failed to map 132120576 bytes for G1 virtual space
# Possible reasons:
#   The system is out of physical RAM or swap space
#   The process is running with CompressedOops enabled, and the Java Heap may be blocking the growth of the native heap
# Possible solutions:
#   Reduce memory load on the system
#   Increase physical memory or swap space
#   Check if swap backing store is full
#   Decrease Java heap size (-Xmx/-Xms)
#   Decrease number of Java threads
#   Decrease Java thread stack sizes (-Xss)
#   Set larger code cache with -XX:ReservedCodeCacheSize=
#   JVM is running with Unscaled Compressed Oops mode in which the Java heap is
#     placed in the first 4GB address space. The Java Heap base address is the
#     maximum limit for the native heap growth. Please use -XX:HeapBaseMinAddress
#     to set the Java Heap base and to place the Java Heap above 4GB virtual address.
# This output file may be truncated or incomplete.
#
#  Out of Memory Error (os_windows.cpp:3559), pid=24648, tid=46176
#
# JRE version:  (17.0.7+7) (build )
# Java VM: OpenJDK 64-Bit Server VM (17.0.7+7, mixed mode, emulated-client, sharing, tiered, compressed oops, compressed class ptrs, g1 gc, windows-amd64)
# No core dump will be written. Minidumps are not enabled by default on client versions of Windows
#

---------------  S U M M A R Y ------------

Command Line: -XX:TieredStopAtLevel=1 -Dspring.output.ansi.enabled=always -Dcom.sun.management.jmxremote -Dspring.jmx.enabled=true -Dspring.liveBeansView.mbeanDomain -Dspring.application.admin.enabled=true -Dmanagement.endpoints.jmx.exposure.include=* -javaagent:C:\Program Files\JetBrains\IntelliJ IDEA 2023.1.3\lib\idea_rt.jar=50307:C:\Program Files\JetBrains\IntelliJ IDEA 2023.1.3\bin -Dfile.encoding=UTF-8 com.example.cicd.CiCdApplication

Host: Intel(R) Core(TM) i5-8265U CPU @ 1.60GHz, 8 cores, 7G,  Windows 11 , 64 bit Build 22000 (10.0.22000.2538)
Time: Sun Nov 10 19:42:03 2024  Windows 11 , 64 bit Build 22000 (10.0.22000.2538) elapsed time: 0.085718 seconds (0d 0h 0m 0s)

---------------  T H R E A D  ---------------

Current thread (0x000001834067fae0):  JavaThread "Unknown thread" [_thread_in_vm, id=46176, stack(0x000000821df00000,0x000000821e000000)]

Stack: [0x000000821df00000,0x000000821e000000]
Native frames: (J=compiled Java code, j=interpreted, Vv=VM code, C=native code)
V  [jvm.dll+0x67754a]
V  [jvm.dll+0x834304]
V  [jvm.dll+0x835aae]
V  [jvm.dll+0x836113]
V  [jvm.dll+0x24696f]
V  [jvm.dll+0x6743f9]
V  [jvm.dll+0x668c8a]
V  [jvm.dll+0x3061bb]
V  [jvm.dll+0x30d6a6]
V  [jvm.dll+0x35cece]
V  [jvm.dll+0x35d0ff]
V  [jvm.dll+0x2dd048]
V  [jvm.dll+0x2ddfb4]
V  [jvm.dll+0x8066d1]
V  [jvm.dll+0x36ac91]
V  [jvm.dll+0x7e5cec]
V  [jvm.dll+0x3ed56f]
V  [jvm.dll+0x3ef0a1]
C  [jli.dll+0x528b]
C  [ucrtbase.dll+0x26c0c]
C  [KERNEL32.DLL+0x153e0]
C  [ntdll.dll+0x485b]


---------------  P R O C E S S  ---------------

Threads class SMR info:
_java_thread_list=0x00007ffc25be7018, length=0, elements={
}

Java Threads: ( => current thread )

Other Threads:
  0x0000018340609fd0 GCTaskThread "GC Thread#0" [stack: 0x000000821e000000,0x000000821e100000] [id=8416]
  0x00000183406eabd0 ConcurrentGCThread "G1 Main Marker" [stack: 0x000000821e100000,0x000000821e200000] [id=17280]
  0x000001834060c0d0 ConcurrentGCThread "G1 Conc#0" [stack: 0x000000821e200000,0x000000821e300000] [id=50796]

[error occurred during error reporting (printing all threads), id 0xc0000005, EXCEPTION_ACCESS_VIOLATION (0xc0000005) at pc=0x00007ffc253bdaf7]

VM state: not at safepoint (not fully initialized)

VM Mutex/Monitor currently owned by a thread:  ([mutex/lock_event])
[0x000001834067a380] Heap_lock - owner thread: 0x000001834067fae0

Heap address: 0x0000000083200000, size: 1998 MB, Compressed Oops mode: 32-bit

CDS archive(s) mapped at: [0x0000000000000000-0x0000000000000000-0x0000000000000000), size 0, SharedBaseAddress: 0x0000000800000000, ArchiveRelocationMode: 0.
Narrow klass base: 0x0000000000000000, Narrow klass shift: 0, Narrow klass range: 0x0

GC Precious Log:
<Empty>

Heap:
 garbage-first heap   total 0K, used 0K [0x0000000083200000, 0x0000000100000000)
  region size 1024K, 0 young (0K), 0 survivors (0K)

[error occurred during error reporting (printing heap information), id 0xc0000005, EXCEPTION_ACCESS_VIOLATION (0xc0000005) at pc=0x00007ffc257a0db9]

GC Heap History (0 events):
No events

Dll operation events (1 events):
Event: 0.041 Loaded shared library C:\Program Files\Java\jdk-17.0.7.7-hotspot\bin\java.dll

Deoptimization events (0 events):
No events

Classes unloaded (0 events):
No events

Classes redefined (0 events):
No events

Internal exceptions (0 events):
No events

VM Operations (0 events):
No events

Events (0 events):
No events


Dynamic libraries:
0x00007ff626a00000 - 0x00007ff626a0e000 	C:\Program Files\Java\jdk-17.0.7.7-hotspot\bin\java.exe
0x00007ffcaa9e0000 - 0x00007ffcaabe9000 	C:\WINDOWS\SYSTEM32\ntdll.dll
0x00007ffca9d50000 - 0x00007ffca9e0d000 	C:\WINDOWS\System32\KERNEL32.DLL
0x00007ffca7fe0000 - 0x00007ffca8364000 	C:\WINDOWS\System32\KERNELBASE.dll
0x00007ffca8370000 - 0x00007ffca8481000 	C:\WINDOWS\System32\ucrtbase.dll
0x00007ffca35d0000 - 0x00007ffca35e7000 	C:\Program Files\Java\jdk-17.0.7.7-hotspot\bin\jli.dll
0x00007ffc91360000 - 0x00007ffc91379000 	C:\Program Files\Java\jdk-17.0.7.7-hotspot\bin\VCRUNTIME140.dll
0x00007ffca9ea0000 - 0x00007ffcaa04d000 	C:\WINDOWS\System32\USER32.dll
0x00007ffca8670000 - 0x00007ffca8696000 	C:\WINDOWS\System32\win32u.dll
0x00007ffc96480000 - 0x00007ffc96725000 	C:\WINDOWS\WinSxS\amd64_microsoft.windows.common-controls_6595b64144ccf1df_6.0.22000.120_none_9d947278b86cc467\COMCTL32.dll
0x00007ffca9570000 - 0x00007ffca959a000 	C:\WINDOWS\System32\GDI32.dll
0x00007ffca9c90000 - 0x00007ffca9d33000 	C:\WINDOWS\System32\msvcrt.dll
0x00007ffca8710000 - 0x00007ffca882e000 	C:\WINDOWS\System32\gdi32full.dll
0x00007ffca8490000 - 0x00007ffca852d000 	C:\WINDOWS\System32\msvcp_win.dll
0x00007ffcaa590000 - 0x00007ffcaa5c1000 	C:\WINDOWS\System32\IMM32.DLL
0x00007ffca3470000 - 0x00007ffca347c000 	C:\Program Files\Java\jdk-17.0.7.7-hotspot\bin\vcruntime140_1.dll
0x00007ffc41d20000 - 0x00007ffc41db1000 	C:\Program Files\Java\jdk-17.0.7.7-hotspot\bin\msvcp140.dll
0x00007ffc250d0000 - 0x00007ffc25d18000 	C:\Program Files\Java\jdk-17.0.7.7-hotspot\bin\server\jvm.dll
0x00007ffcaa0c0000 - 0x00007ffcaa16e000 	C:\WINDOWS\System32\ADVAPI32.dll
0x00007ffcaa900000 - 0x00007ffcaa99e000 	C:\WINDOWS\System32\sechost.dll
0x00007ffcaa460000 - 0x00007ffcaa581000 	C:\WINDOWS\System32\RPCRT4.dll
0x00007ffca05c0000 - 0x00007ffca05f3000 	C:\WINDOWS\SYSTEM32\WINMM.dll
0x00007ffc8f5e0000 - 0x00007ffc8f5e9000 	C:\WINDOWS\SYSTEM32\WSOCK32.dll
0x00007ffc9a330000 - 0x00007ffc9a33a000 	C:\WINDOWS\SYSTEM32\VERSION.dll
0x00007ffca9e20000 - 0x00007ffca9e8f000 	C:\WINDOWS\System32\WS2_32.dll
0x00007ffca6ea0000 - 0x00007ffca6eb8000 	C:\WINDOWS\SYSTEM32\kernel.appcore.dll
0x00007ffc95340000 - 0x00007ffc9534a000 	C:\Program Files\Java\jdk-17.0.7.7-hotspot\bin\jimage.dll
0x00007ffca5970000 - 0x00007ffca5b91000 	C:\WINDOWS\SYSTEM32\DBGHELP.DLL
0x00007ffca4eb0000 - 0x00007ffca4ee1000 	C:\WINDOWS\SYSTEM32\dbgcore.DLL
0x00007ffca8530000 - 0x00007ffca85af000 	C:\WINDOWS\System32\bcryptPrimitives.dll
0x00007ffc95170000 - 0x00007ffc9517e000 	C:\Program Files\Java\jdk-17.0.7.7-hotspot\bin\instrument.dll
0x00007ffc852f0000 - 0x00007ffc85315000 	C:\Program Files\Java\jdk-17.0.7.7-hotspot\bin\java.dll

dbghelp: loaded successfully - version: 4.0.5 - missing functions: none
symbol engine: initialized successfully - sym options: 0x614 - pdb path: .;C:\Program Files\Java\jdk-17.0.7.7-hotspot\bin;C:\WINDOWS\SYSTEM32;C:\WINDOWS\WinSxS\amd64_microsoft.windows.common-controls_6595b64144ccf1df_6.0.22000.120_none_9d947278b86cc467;C:\Program Files\Java\jdk-17.0.7.7-hotspot\bin\server

VM Arguments:
jvm_args: -XX:TieredStopAtLevel=1 -Dspring.output.ansi.enabled=always -Dcom.sun.management.jmxremote -Dspring.jmx.enabled=true -Dspring.liveBeansView.mbeanDomain -Dspring.application.admin.enabled=true -Dmanagement.endpoints.jmx.exposure.include=* -javaagent:C:\Program Files\JetBrains\IntelliJ IDEA 2023.1.3\lib\idea_rt.jar=50307:C:\Program Files\JetBrains\IntelliJ IDEA 2023.1.3\bin -Dfile.encoding=UTF-8 
java_command: com.example.cicd.CiCdApplication
java_class_path (initial): C:\Users\tlalw\Downloads\itzip_back-main\ci-cd\build\classes\java\main;C:\Users\tlalw\Downloads\itzip_back-main\ci-cd\build\resources\main;C:\Users\tlalw\.gradle\caches\modules-2\files-2.1\org.projectlombok\lombok\1.18.34\ec547ef414ab1d2c040118fb9c1c265ada63af14\lombok-1.18.34.jar;C:\Users\tlalw\.gradle\caches\modules-2\files-2.1\io.jsonwebtoken\jjwt-api\0.11.5\f742940045619d06383e7df37b21ac422b476cf1\jjwt-api-0.11.5.jar;C:\Users\tlalw\.gradle\caches\modules-2\files-2.1\org.json\json\20230227\7a0d4aca76513d8ce81f9b044ce8126b84809ad8\json-20230227.jar;C:\Users\tlalw\.gradle\caches\modules-2\files-2.1\com.auth0\java-jwt\4.2.1\904306772bb7d43750527f84d7b23589a1f9ab12\java-jwt-4.2.1.jar;C:\Users\tlalw\.gradle\caches\modules-2\files-2.1\org.springframework.boot\spring-boot-starter-data-jpa\3.3.5\3fbef698f3a3c43c60ed493f96b11471f7d01ec7\spring-boot-starter-data-jpa-3.3.5.jar;C:\Users\tlalw\.gradle\caches\modules-2\files-2.1\org.springframework.boot\spring-boot-starter-oauth2-client\3.3.5\344395ec4934b59f74cfffb0a37333b03c598b7\spring-boot-starter-oauth2-client-3.3.5.jar;C:\Users\tlalw\.gradle\caches\modules-2\files-2.1\org.springframework.boot\spring-boot-starter-security\3.3.5\662a0cd1672e55cdde5f8af1be79e18653e13c3d\spring-boot-starter-security-3.3.5.jar;C:\Users\tlalw\.gradle\caches\modules-2\files-2.1\org.springframework.boot\spring-boot-starter-web\3.3.5\51cc6cd5fb15f4eecfadea4ac689ed290e65c2cc\spring-boot-starter-web-3.3.5.jar;C:\Users\tlalw\.gradle\caches\modules-2\files-2.1\org.springframework.boot\spring-boot-starter-validation\3.3.5\5f32f28b5573c024c9aa16369914d8f2760bd38e\spring-boot-starter-validation-3.3.5.jar;C:\Users\tlalw\.gradle\caches\modules-2\files-2.1\org.springframework.boot\spring-boot-starter-data-redis\3.3.5\5156ce55ab1d9445d5175fdf7119aecf830c7dde\spring-boot-starter-data-redis-3.3.5.jar;C:\Users\tlalw\.gradle\caches\modules-2\files-2.1\org.springframework.boot\spring-boot-starter-aop\3.3.5\872157ff7d70996d6302f61aad1
Launcher Type: SUN_STANDARD

[Global flags]
     intx CICompilerCount                          = 4                                         {product} {ergonomic}
     uint ConcGCThreads                            = 2                                         {product} {ergonomic}
     uint G1ConcRefinementThreads                  = 8                                         {product} {ergonomic}
   size_t G1HeapRegionSize                         = 1048576                                   {product} {ergonomic}
    uintx GCDrainStackTargetSize                   = 64                                        {product} {ergonomic}
   size_t InitialHeapSize                          = 132120576                                 {product} {ergonomic}
     bool ManagementServer                         = true                                      {product} {command line}
   size_t MarkStackSize                            = 4194304                                   {product} {ergonomic}
   size_t MaxHeapSize                              = 2095054848                                {product} {ergonomic}
   size_t MinHeapDeltaBytes                        = 1048576                                   {product} {ergonomic}
   size_t MinHeapSize                              = 8388608                                   {product} {ergonomic}
    uintx NonProfiledCodeHeapSize                  = 0                                      {pd product} {ergonomic}
     bool ProfileInterpreter                       = false                                  {pd product} {command line}
    uintx ProfiledCodeHeapSize                     = 0                                      {pd product} {ergonomic}
   size_t SoftMaxHeapSize                          = 2095054848                             {manageable} {ergonomic}
     intx TieredStopAtLevel                        = 1                                         {product} {command line}
     bool UseCompressedClassPointers               = true                           {product lp64_product} {ergonomic}
     bool UseCompressedOops                        = true                           {product lp64_product} {ergonomic}
     bool UseG1GC                                  = true                                      {product} {ergonomic}
     bool UseLargePagesIndividualAllocation        = false                                  {pd product} {ergonomic}

Logging:
Log output configuration:
 #0: stdout all=warning uptime,level,tags
 #1: stderr all=off uptime,level,tags

Environment Variables:
JAVA_HOME=C:\Program Files\java\jdk-17.0.7.7-hotspot\
PATH=C:\Program Files (x86)\Common Files\Oracle\Java\java8path;C:\Program Files (x86)\Common Files\Oracle\Java\javapath;C:\Program Files\java\jdk-17.0.7.7-hotspot\bin;C:\WINDOWS\system32;C:\Windows;C:\WINDOWS\system32;C:\WINDOWS;;C:\WINDOWS\System32\Wbem;C:\WINDOWS\System32\WindowsPowerShell\v1.0\;C:\WINDOWS\System32\OpenSSH\;C:\Program Files\Docker\Docker\resources\bin;C:\Program Files (x86)\;C:\ProgramData\chocolatey\bin;C:\Users\tlalw\AppData\Local\Programs\Python\Python38\Scripts\;C:\Users\tlalw\AppData\Local\Programs\Python\Python38\;C:\Users\tlalw\AppData\Local\Programs\Microsoft VS Code\bin;C:\Program Files\JetBrains\IntelliJ IDEA Community Edition 2023.1.2\bin;;C:\Program Files\JetBrains\IntelliJ IDEA 2023.1.3\bin;;C:\Users\tlalw\AppData\Local\Microsoft\WindowsApps;C:\Users\tlalw\AppData\Roaming\npm
USERNAME=tlalw
TMPDIR=C:\Users\Public\Documents\ESTsoft\CreatorTemp
OS=Windows_NT
PROCESSOR_IDENTIFIER=Intel64 Family 6 Model 142 Stepping 12, GenuineIntel
TMP=C:\Users\tlalw\AppData\Local\Temp
TEMP=C:\Users\tlalw\AppData\Local\Temp



---------------  S Y S T E M  ---------------

OS:
 Windows 11 , 64 bit Build 22000 (10.0.22000.2538)
OS uptime: 39 days 8:55 hours
Hyper-V role detected

CPU: total 8 (initial active 8) (4 cores per cpu, 2 threads per core) family 6 model 142 stepping 12 microcode 0xde, cx8, cmov, fxsr, ht, mmx, 3dnowpref, sse, sse2, sse3, ssse3, sse4.1, sse4.2, popcnt, lzcnt, tsc, tscinvbit, avx, avx2, aes, erms, clmul, bmi1, bmi2, adx, fma, vzeroupper, clflush, clflushopt, hv

Memory: 4k page, system-wide physical 7986M (81M free)
TotalPageFile size 31986M (AvailPageFile size 31M)
current process WorkingSet (physical memory assigned to process): 11M, peak: 11M
current process commit charge ("private bytes"): 55M, peak: 181M

vm_info: OpenJDK 64-Bit Server VM (17.0.7+7) for windows-amd64 JRE (17.0.7+7), built on Apr 18 2023 22:10:42 by "temurin" with MS VC++ 16.7 (VS2019)

END.
